

Working Directory = /home/vv2trainee2/Desktop/adder/work
QoS Summary for DPA1
==========================================================================================
Metric                          generic         map             syn_opt         final          
==========================================================================================
Slack (ps):                       inf             inf             inf             inf
  R2R (ps):                  no_value        no_value        no_value        no_value
  I2R (ps):                  no_value        no_value        no_value        no_value
  R2O (ps):                  no_value        no_value        no_value        no_value
  I2O (ps):                  no_value        no_value        no_value        no_value
  CG  (ps):                  no_value        no_value        no_value        no_value
TNS (ps):                           0               0               0               0
  R2R (ps):                  no_value        no_value        no_value        no_value
  I2R (ps):                  no_value        no_value        no_value        no_value
  R2O (ps):                  no_value        no_value        no_value        no_value
  I2O (ps):                  no_value        no_value        no_value        no_value
  CG  (ps):                  no_value        no_value        no_value        no_value
Failing Paths:                      0               0               0               0
Cell Area:                      2,984             951             950             950
Total Cell Area:                2,984             951             950             950
Leaf Instances:                 1,150             500             499             499
Total Instances:                1,150             500             499             499
Utilization (%):                 0.00            0.00            0.00            0.00
Tot. Net Length (um):        no_value        no_value        no_value        no_value
Avg. Net Length (um):        no_value        no_value        no_value        no_value
Route Overflow H (%):        no_value        no_value        no_value        no_value
Route Overflow V (%):        no_value        no_value        no_value        no_value
MBCI(%) (bits/gate) :            0.00            0.00            0.00            0.00
Norm Cong Hotspot Area:
  Max Cong:                  no_value        no_value        no_value        no_value
  Tot Cong:                  no_value        no_value        no_value        no_value
==========================================================================================
CPU  Runtime (h:m:s):        00:00:13        00:00:10        00:00:02        00:00:00
Real Runtime (h:m:s):        00:00:26        00:00:09        00:00:02        00:00:01
CPU  Elapsed (h:m:s):        00:00:20        00:00:30        00:00:32        00:00:32
Real Elapsed (h:m:s):        00:00:28        00:00:37        00:00:39        00:00:40
Memory (MB):                   661.40          664.22          661.22          661.22
==========================================================================================
==========================================================================================
Flow Settings:
==========================================================================================
Total Runtime (h:m:s): 00:00:38
Total Memory (MB):     661.22
Executable Version:    17.22-s017_1
==========================================================================================
Total Cell Area =  Cell Area + Physical Cell Area
Total Instances =  Leaf Instances + Physical Instances


