Command: report datapath > reports_Feb15-18:28:31/map/DPA1_datapath.rpt
============================================================
  Generated by:           Genus(TM) Synthesis Solution 17.22-s017_1
  Generated on:           Feb 15 2019  06:28:49 pm
  Module:                 DPA1
  Technology libraries:   fast_vdd1v0 1.0
                          slow_vdd1v0 1.0
                          fast_vdd1v0 1.0
                          slow_vdd1v0 1.0
  Operating conditions:   PVT_1P1V_0C (balanced_tree)
  Wireload mode:          enclosed
  Area mode:              timing library
============================================================


      Type       CellArea Percentage 
-------------------------------------
datapath modules     0.00       0.00 
external muxes       0.00       0.00 
others             950.76     100.00 
-------------------------------------
total              950.76     100.00 

