Command: report datapath > reports_Feb13-07:50:33/generic/DPA1_datapath.rpt
============================================================
  Generated by:           Genus(TM) Synthesis Solution 17.22-s017_1
  Generated on:           Feb 13 2019  07:50:41 am
  Module:                 DPA1
  Technology libraries:   fast_vdd1v0 1.0
                          slow_vdd1v0 1.0
                          fast_vdd1v0 1.0
                          slow_vdd1v0 1.0
  Operating conditions:   PVT_1P1V_0C (balanced_tree)
  Wireload mode:          enclosed
  Area mode:              timing library
============================================================


Inferred components

              Operator Signedness Inputs Outputs CellArea 
==========================================================
DPA1
 inc_add_60_34
  
  module:increment_unsigned_204
   very_fast increment unsigned   64x1   64        669.99 
----------------------------------------------------------
   add_60_34     +     unsigned   64x1   64               
==========================================================

      Type       CellArea Percentage 
-------------------------------------
datapath modules   669.99      22.45 
external muxes       0.00       0.00 
others            2314.29      77.55 
-------------------------------------
total             2984.28     100.00 

