============================================================
  Generated by:           Genus(TM) Synthesis Solution 17.22-s017_1
  Generated on:           Feb 15 2019  06:15:58 pm
  Module:                 DPA1
  Technology libraries:   fast_vdd1v0 1.0
                          slow_vdd1v0 1.0
                          fast_vdd1v0 1.0
                          slow_vdd1v0 1.0
  Operating conditions:   PVT_1P1V_0C (balanced_tree)
  Wireload mode:          enclosed
  Area mode:              timing library
============================================================

                                 Leakage  
   Gate    Instances    Area   Power (nW)     Library    
---------------------------------------------------------
ADDHX1             3    11.286      0.798    fast_vdd1v0 
AND2X1            23    31.464      1.837    fast_vdd1v0 
AOI22XL           32    65.664      2.648    fast_vdd1v0 
AOI2BB1XL         22    45.144      2.620    fast_vdd1v0 
BUFX6            128   393.984     42.971    fast_vdd1v0 
CLKXOR2X1         64   175.104     11.506    fast_vdd1v0 
INVXL            130    88.920      4.407    fast_vdd1v0 
MX2X1            127   304.038     19.978    fast_vdd1v0 
MX2XL              1     2.394      0.147    fast_vdd1v0 
NAND2BXL          33    45.144      2.636    fast_vdd1v0 
NAND2XL           19    19.494      0.794    fast_vdd1v0 
NOR2BX1           17    23.256      1.643    fast_vdd1v0 
NOR4X1             1     1.710      0.097    fast_vdd1v0 
OA21X1            18    36.936      2.162    fast_vdd1v0 
OAI2BB1X1         32    54.720      3.765    fast_vdd1v0 
OAI32X1            1     2.394      0.132    fast_vdd1v0 
OR4X1             20    41.040      2.247    fast_vdd1v0 
XNOR2X1           19    45.486      3.272    fast_vdd1v0 
---------------------------------------------------------
total            690  1388.178    103.657                


                                           Leakage  Leakage 
     Type      Instances   Area   Area % Power (nW) Power % 
------------------------------------------------------------
inverter             130   88.920    6.4      4.407     4.3 
buffer               128  393.984   28.4     42.971    41.5 
logic                432  905.274   65.2     56.279    54.3 
physical_cells         0    0.000    0.0      0.000     0.0 
------------------------------------------------------------
total                690 1388.178  100.0    103.657   100.0 

