irun(64): 15.20-s051: (c) Copyright 1995-2018 Cadence Design Systems, Inc.
TOOL:	irun(64)	15.20-s051: Started on Mar 23, 2019 at 04:56:04 IST
irun
	-access +rwc
	counter.v
	test2.sv
DEFINE sdadc_working_lay /projects/tigershare/sdadc_working_lay
|
irun: *W,DLCPTH (/tools/cadence/IC617/share/cdssetup/cds.lib,7): cds.lib Permission denied '/projects/tigershare/sdadc_working_lay' (cds.lib command ignored).
DEFINE sdadc_working /projects/tigershare/sdadc_working
|
irun: *W,DLCPTH (/tools/cadence/IC617/share/cdssetup/cds.lib,8): cds.lib Permission denied '/projects/tigershare/sdadc_working' (cds.lib command ignored).
DEFINE sdadc_working_lay /projects/tigershare/sdadc_working_lay
|
irun: *W,DLCPTH (/tools/cadence/IC617/share/cdssetup/cds.lib,7): cds.lib Permission denied '/projects/tigershare/sdadc_working_lay' (cds.lib command ignored).
DEFINE sdadc_working /projects/tigershare/sdadc_working
|
irun: *W,DLCPTH (/tools/cadence/IC617/share/cdssetup/cds.lib,8): cds.lib Permission denied '/projects/tigershare/sdadc_working' (cds.lib command ignored).
DEFINE sdadc_working_lay /projects/tigershare/sdadc_working_lay
|
irun: *W,DLCPTH (/tools/cadence/IC617/share/cdssetup/cds.lib,7): cds.lib Permission denied '/projects/tigershare/sdadc_working_lay' (cds.lib command ignored).
DEFINE sdadc_working /projects/tigershare/sdadc_working
|
irun: *W,DLCPTH (/tools/cadence/IC617/share/cdssetup/cds.lib,8): cds.lib Permission denied '/projects/tigershare/sdadc_working' (cds.lib command ignored).
DEFINE sdadc_working_lay /projects/tigershare/sdadc_working_lay
|
irun: *W,DLCPTH (/tools/cadence/IC617/share/cdssetup/cds.lib,7): cds.lib Permission denied '/projects/tigershare/sdadc_working_lay' (cds.lib command ignored).
DEFINE sdadc_working /projects/tigershare/sdadc_working
|
irun: *W,DLCPTH (/tools/cadence/IC617/share/cdssetup/cds.lib,8): cds.lib Permission denied '/projects/tigershare/sdadc_working' (cds.lib command ignored).
DEFINE sdadc_working_lay /projects/tigershare/sdadc_working_lay
|
irun: *W,DLCPTH (/tools/cadence/IC617/share/cdssetup/cds.lib,7): cds.lib Permission denied '/projects/tigershare/sdadc_working_lay' (cds.lib command ignored).
DEFINE sdadc_working /projects/tigershare/sdadc_working
|
irun: *W,DLCPTH (/tools/cadence/IC617/share/cdssetup/cds.lib,8): cds.lib Permission denied '/projects/tigershare/sdadc_working' (cds.lib command ignored).
Recompiling... reason: file './test2.sv' is newer than expected.
	expected: Sat Mar 23 04:55:09 2019
	actual:   Sat Mar 23 04:56:00 2019
DEFINE sdadc_working_lay /projects/tigershare/sdadc_working_lay
|
irun: *W,DLCPTH (/tools/cadence/IC617/share/cdssetup/cds.lib,7): cds.lib Permission denied '/projects/tigershare/sdadc_working_lay' (cds.lib command ignored).
DEFINE sdadc_working /projects/tigershare/sdadc_working
|
irun: *W,DLCPTH (/tools/cadence/IC617/share/cdssetup/cds.lib,8): cds.lib Permission denied '/projects/tigershare/sdadc_working' (cds.lib command ignored).
DEFINE sdadc_working_lay /projects/tigershare/sdadc_working_lay
|
ncvlog: *W,DLCPTH (/tools/cadence/IC617/share/cdssetup/cds.lib,7): cds.lib Permission denied '/projects/tigershare/sdadc_working_lay' (cds.lib command ignored).
DEFINE sdadc_working /projects/tigershare/sdadc_working
|
ncvlog: *W,DLCPTH (/tools/cadence/IC617/share/cdssetup/cds.lib,8): cds.lib Permission denied '/projects/tigershare/sdadc_working' (cds.lib command ignored).
file: test2.sv
	module worklib.tb_top:sv
		errors: 0, warnings: 0
	Total errors/warnings found outside modules and primitives:
		errors: 0, warnings: 2
DEFINE sdadc_working_lay /projects/tigershare/sdadc_working_lay
|
irun: *W,DLCPTH (/tools/cadence/IC617/share/cdssetup/cds.lib,7): cds.lib Permission denied '/projects/tigershare/sdadc_working_lay' (cds.lib command ignored).
DEFINE sdadc_working /projects/tigershare/sdadc_working
|
irun: *W,DLCPTH (/tools/cadence/IC617/share/cdssetup/cds.lib,8): cds.lib Permission denied '/projects/tigershare/sdadc_working' (cds.lib command ignored).
DEFINE sdadc_working_lay /projects/tigershare/sdadc_working_lay
|
irun: *W,DLCPTH (/tools/cadence/IC617/share/cdssetup/cds.lib,7): cds.lib Permission denied '/projects/tigershare/sdadc_working_lay' (cds.lib command ignored).
DEFINE sdadc_working /projects/tigershare/sdadc_working
|
irun: *W,DLCPTH (/tools/cadence/IC617/share/cdssetup/cds.lib,8): cds.lib Permission denied '/projects/tigershare/sdadc_working' (cds.lib command ignored).
DEFINE sdadc_working_lay /projects/tigershare/sdadc_working_lay
|
ncelab: *W,DLCPTH (/tools/cadence/IC617/share/cdssetup/cds.lib,7): cds.lib Permission denied '/projects/tigershare/sdadc_working_lay' (cds.lib command ignored).
DEFINE sdadc_working /projects/tigershare/sdadc_working
|
ncelab: *W,DLCPTH (/tools/cadence/IC617/share/cdssetup/cds.lib,8): cds.lib Permission denied '/projects/tigershare/sdadc_working' (cds.lib command ignored).
		Caching library 'worklib' ....... Done
	Elaborating the design hierarchy:
		Caching library 'worklib' ....... Done
ncelab: *W,DLLSVW: Unable to list the views of rfLib.rfLib (System error).
ncelab: *W,DLLSVW: Unable to list the views of rfLib.log (System error).
    intf i_intf();
              |
ncelab: *E,CUVMUR (./test2.sv,201|14): instance 'tb_top.i_intf' of design unit 'intf' is unresolved in 'worklib.tb_top:sv'.
program test(intf i_intf);
                       |
ncelab: *E,CUIMBC (./test2.sv,179|23): An interface port declaration must be connected (tb_top.t1).
irun: *E,ELBERR: Error during elaboration (status 1), exiting.
TOOL:	irun(64)	15.20-s051: Exiting on Mar 23, 2019 at 04:56:05 IST  (total: 00:00:01)
