irun(64): 15.20-s051: (c) Copyright 1995-2018 Cadence Design Systems, Inc.
TOOL:	irun(64)	15.20-s051: Started on Mar 06, 2019 at 10:23:38 IST
irun
	-access +rwc
	8_bit_ripple_carry.v
	full_adder.v
DEFINE sdadc_working_lay /projects/tigershare/sdadc_working_lay
|
irun: *W,DLCPTH (/tools/cadence/IC617/share/cdssetup/cds.lib,7): cds.lib Permission denied '/projects/tigershare/sdadc_working_lay' (cds.lib command ignored).
DEFINE sdadc_working /projects/tigershare/sdadc_working
|
irun: *W,DLCPTH (/tools/cadence/IC617/share/cdssetup/cds.lib,8): cds.lib Permission denied '/projects/tigershare/sdadc_working' (cds.lib command ignored).
DEFINE sdadc_working_lay /projects/tigershare/sdadc_working_lay
|
irun: *W,DLCPTH (/tools/cadence/IC617/share/cdssetup/cds.lib,7): cds.lib Permission denied '/projects/tigershare/sdadc_working_lay' (cds.lib command ignored).
DEFINE sdadc_working /projects/tigershare/sdadc_working
|
irun: *W,DLCPTH (/tools/cadence/IC617/share/cdssetup/cds.lib,8): cds.lib Permission denied '/projects/tigershare/sdadc_working' (cds.lib command ignored).
DEFINE sdadc_working_lay /projects/tigershare/sdadc_working_lay
|
irun: *W,DLCPTH (/tools/cadence/IC617/share/cdssetup/cds.lib,7): cds.lib Permission denied '/projects/tigershare/sdadc_working_lay' (cds.lib command ignored).
DEFINE sdadc_working /projects/tigershare/sdadc_working
|
irun: *W,DLCPTH (/tools/cadence/IC617/share/cdssetup/cds.lib,8): cds.lib Permission denied '/projects/tigershare/sdadc_working' (cds.lib command ignored).
DEFINE sdadc_working_lay /projects/tigershare/sdadc_working_lay
|
irun: *W,DLCPTH (/tools/cadence/IC617/share/cdssetup/cds.lib,7): cds.lib Permission denied '/projects/tigershare/sdadc_working_lay' (cds.lib command ignored).
DEFINE sdadc_working /projects/tigershare/sdadc_working
|
irun: *W,DLCPTH (/tools/cadence/IC617/share/cdssetup/cds.lib,8): cds.lib Permission denied '/projects/tigershare/sdadc_working' (cds.lib command ignored).
DEFINE sdadc_working_lay /projects/tigershare/sdadc_working_lay
|
irun: *W,DLCPTH (/tools/cadence/IC617/share/cdssetup/cds.lib,7): cds.lib Permission denied '/projects/tigershare/sdadc_working_lay' (cds.lib command ignored).
DEFINE sdadc_working /projects/tigershare/sdadc_working
|
irun: *W,DLCPTH (/tools/cadence/IC617/share/cdssetup/cds.lib,8): cds.lib Permission denied '/projects/tigershare/sdadc_working' (cds.lib command ignored).
DEFINE sdadc_working_lay /projects/tigershare/sdadc_working_lay
|
irun: *W,DLCPTH (/tools/cadence/IC617/share/cdssetup/cds.lib,7): cds.lib Permission denied '/projects/tigershare/sdadc_working_lay' (cds.lib command ignored).
DEFINE sdadc_working /projects/tigershare/sdadc_working
|
irun: *W,DLCPTH (/tools/cadence/IC617/share/cdssetup/cds.lib,8): cds.lib Permission denied '/projects/tigershare/sdadc_working' (cds.lib command ignored).
DEFINE sdadc_working_lay /projects/tigershare/sdadc_working_lay
|
irun: *W,DLCPTH (/tools/cadence/IC617/share/cdssetup/cds.lib,7): cds.lib Permission denied '/projects/tigershare/sdadc_working_lay' (cds.lib command ignored).
DEFINE sdadc_working /projects/tigershare/sdadc_working
|
irun: *W,DLCPTH (/tools/cadence/IC617/share/cdssetup/cds.lib,8): cds.lib Permission denied '/projects/tigershare/sdadc_working' (cds.lib command ignored).
DEFINE sdadc_working_lay /projects/tigershare/sdadc_working_lay
|
ncsim: *W,DLCPTH (/tools/cadence/IC617/share/cdssetup/cds.lib,7): cds.lib Permission denied '/projects/tigershare/sdadc_working_lay' (cds.lib command ignored).
DEFINE sdadc_working /projects/tigershare/sdadc_working
|
ncsim: *W,DLCPTH (/tools/cadence/IC617/share/cdssetup/cds.lib,8): cds.lib Permission denied '/projects/tigershare/sdadc_working' (cds.lib command ignored).
Loading snapshot worklib.bitripple:v .................... Done
ncsim> source /tools/cadence/INCISIVE152/tools/inca/files/ncsimrc
ncsim> run
ncsim: *W,RNQUIE: Simulation is complete.
ncsim> exit
TOOL:	irun(64)	15.20-s051: Exiting on Mar 06, 2019 at 10:23:38 IST  (total: 00:00:00)
