============================================================
  Generated by:           Genus(TM) Synthesis Solution 17.22-s017_1
  Generated on:           Feb 15 2019  06:28:51 pm
  Module:                 DPA1
  Technology libraries:   fast_vdd1v0 1.0
                          slow_vdd1v0 1.0
                          fast_vdd1v0 1.0
                          slow_vdd1v0 1.0
  Operating conditions:   PVT_1P1V_0C (balanced_tree)
  Wireload mode:          enclosed
  Area mode:              timing library
============================================================

                                Leakage  
   Gate    Instances   Area   Power (nW)     Library    
--------------------------------------------------------
ADDHX1             3   11.286      0.798    fast_vdd1v0 
AND2X1            23   31.464      1.837    fast_vdd1v0 
AOI22XL           32   65.664      2.648    fast_vdd1v0 
AOI2BB1XL         22   45.144      2.588    fast_vdd1v0 
CLKXOR2X1         95  259.920     17.071    fast_vdd1v0 
INVXL             65   44.460      2.187    fast_vdd1v0 
MX2X1             62  148.428      9.880    fast_vdd1v0 
MX2XL              1    2.394      0.147    fast_vdd1v0 
NAND2BXL           2    2.736      0.132    fast_vdd1v0 
NAND2XL           52   53.352      2.340    fast_vdd1v0 
NOR2BX1           17   23.256      1.643    fast_vdd1v0 
NOR4X1             1    1.710      0.100    fast_vdd1v0 
OA21X1            18   36.936      2.162    fast_vdd1v0 
OAI21XL           32   54.720      2.073    fast_vdd1v0 
OAI2BB1X1          1    1.710      0.118    fast_vdd1v0 
OAI32X1            1    2.394      0.132    fast_vdd1v0 
OR2X1              1    1.368      0.097    fast_vdd1v0 
OR4X1             20   41.040      2.258    fast_vdd1v0 
XNOR2X1           51  122.094      9.025    fast_vdd1v0 
--------------------------------------------------------
total            499  950.076     57.234                


                                          Leakage  Leakage 
     Type      Instances   Area  Area % Power (nW) Power % 
-----------------------------------------------------------
inverter              65  44.460    4.7      2.187     3.8 
logic                434 905.616   95.3     55.047    96.2 
physical_cells         0   0.000    0.0      0.000     0.0 
-----------------------------------------------------------
total                499 950.076  100.0     57.234   100.0 

