

Working Directory = /home/vv2trainee2/Desktop/Deekshith/adderrr/work
QoS Summary for DPA1
==========================================================================================
Metric                          generic         map             syn_opt         final          
==========================================================================================
Slack (ps):                     7,486           7,355           7,355           7,355
  R2R (ps):                  no_value        no_value        no_value        no_value
  I2R (ps):                  no_value        no_value        no_value        no_value
  R2O (ps):                  no_value        no_value        no_value        no_value
  I2O (ps):                     7,486           7,355           7,355           7,355
  CG  (ps):                  no_value        no_value        no_value        no_value
TNS (ps):                           0               0               0               0
  R2R (ps):                  no_value        no_value        no_value        no_value
  I2R (ps):                  no_value        no_value        no_value        no_value
  R2O (ps):                  no_value        no_value        no_value        no_value
  I2O (ps):                         0               0               0               0
  CG  (ps):                  no_value        no_value        no_value        no_value
Failing Paths:                      0               0               0               0
Cell Area:                      2,984             951             950             950
Total Cell Area:                2,984             951             950             950
Leaf Instances:                 1,150             500             499             499
Total Instances:                1,150             500             499             499
Utilization (%):                 0.00            0.00            0.00            0.00
Tot. Net Length (um):        no_value        no_value        no_value        no_value
Avg. Net Length (um):        no_value        no_value        no_value        no_value
Route Overflow H (%):        no_value        no_value        no_value        no_value
Route Overflow V (%):        no_value        no_value        no_value        no_value
MBCI(%) (bits/gate) :            0.00            0.00            0.00            0.00
Norm Cong Hotspot Area:
  Max Cong:                  no_value        no_value        no_value        no_value
  Tot Cong:                  no_value        no_value        no_value        no_value
==========================================================================================
CPU  Runtime (h:m:s):        00:00:14        00:00:11        00:00:02        00:00:00
Real Runtime (h:m:s):        00:00:32        00:00:02        00:00:09        00:00:08
CPU  Elapsed (h:m:s):        00:00:21        00:00:32        00:00:34        00:00:34
Real Elapsed (h:m:s):        00:00:34        00:00:36        00:00:45        00:00:53
Memory (MB):                   661.70          663.52          660.52          660.52
==========================================================================================
==========================================================================================
Flow Settings:
==========================================================================================
Total Runtime (h:m:s): 00:00:57
Total Memory (MB):     660.52
Executable Version:    17.22-s017_1
==========================================================================================
Total Cell Area =  Cell Area + Physical Cell Area
Total Instances =  Leaf Instances + Physical Instances


