============================================================
  Generated by:           Genus(TM) Synthesis Solution 17.22-s017_1
  Generated on:           Feb 16 2019  12:01:18 pm
  Module:                 DPA1
  Technology libraries:   fast_vdd1v0 1.0
                          slow_vdd1v0 1.0
                          fast_vdd1v0 1.0
                          slow_vdd1v0 1.0
  Operating conditions:   PVT_1P1V_0C (balanced_tree)
  Wireload mode:          enclosed
  Area mode:              timing library
============================================================

                                Leakage  
   Gate    Instances   Area   Power (nW)     Library    
--------------------------------------------------------
ADDHX1             3   11.286      0.775    fast_vdd1v0 
AND2X1            14   19.152      1.111    fast_vdd1v0 
AND2XL             9   12.312      0.614    fast_vdd1v0 
AOI22X1           32   65.664      4.039    fast_vdd1v0 
AOI2BB1XL         22   45.144      2.583    fast_vdd1v0 
CLKXOR2X1          1    2.736      0.180    fast_vdd1v0 
INVX1             34   23.256      1.556    fast_vdd1v0 
INVXL             31   21.204      1.027    fast_vdd1v0 
MX2XL             63  150.822      9.239    fast_vdd1v0 
NAND2BX1           2    2.736      0.182    fast_vdd1v0 
NAND2X1           48   49.248      3.240    fast_vdd1v0 
NAND2XL            4    4.104      0.173    fast_vdd1v0 
NOR2BX1           17   23.256      1.645    fast_vdd1v0 
NOR4X1             1    1.710      0.098    fast_vdd1v0 
OA21X1            18   36.936      2.160    fast_vdd1v0 
OAI21X1           31   53.010      3.018    fast_vdd1v0 
OAI21XL            1    1.710      0.065    fast_vdd1v0 
OAI2BB1X1          1    1.710      0.120    fast_vdd1v0 
OAI32X1            1    2.394      0.134    fast_vdd1v0 
OR2X1              1    1.368      0.095    fast_vdd1v0 
OR4X1             20   41.040      2.252    fast_vdd1v0 
XNOR2X1           51  122.094      9.086    fast_vdd1v0 
XOR2XL            94  257.184     15.717    fast_vdd1v0 
--------------------------------------------------------
total            499  950.076     59.107                


                                          Leakage  Leakage 
     Type      Instances   Area  Area % Power (nW) Power % 
-----------------------------------------------------------
inverter              65  44.460    4.7      2.583     4.4 
logic                434 905.616   95.3     56.524    95.6 
physical_cells         0   0.000    0.0      0.000     0.0 
-----------------------------------------------------------
total                499 950.076  100.0     59.107   100.0 

