irun(64): 15.20-s051: (c) Copyright 1995-2018 Cadence Design Systems, Inc.
TOOL:	irun(64)	15.20-s051: Started on Mar 24, 2019 at 08:43:13 IST
irun
	-access +rwc
	counter.v
	tes3.sv
DEFINE sdadc_working_lay /projects/tigershare/sdadc_working_lay
|
irun: *W,DLCPTH (/tools/cadence/IC617/share/cdssetup/cds.lib,7): cds.lib Permission denied '/projects/tigershare/sdadc_working_lay' (cds.lib command ignored).
DEFINE sdadc_working /projects/tigershare/sdadc_working
|
irun: *W,DLCPTH (/tools/cadence/IC617/share/cdssetup/cds.lib,8): cds.lib Permission denied '/projects/tigershare/sdadc_working' (cds.lib command ignored).
DEFINE sdadc_working_lay /projects/tigershare/sdadc_working_lay
|
irun: *W,DLCPTH (/tools/cadence/IC617/share/cdssetup/cds.lib,7): cds.lib Permission denied '/projects/tigershare/sdadc_working_lay' (cds.lib command ignored).
DEFINE sdadc_working /projects/tigershare/sdadc_working
|
irun: *W,DLCPTH (/tools/cadence/IC617/share/cdssetup/cds.lib,8): cds.lib Permission denied '/projects/tigershare/sdadc_working' (cds.lib command ignored).
DEFINE sdadc_working_lay /projects/tigershare/sdadc_working_lay
|
irun: *W,DLCPTH (/tools/cadence/IC617/share/cdssetup/cds.lib,7): cds.lib Permission denied '/projects/tigershare/sdadc_working_lay' (cds.lib command ignored).
DEFINE sdadc_working /projects/tigershare/sdadc_working
|
irun: *W,DLCPTH (/tools/cadence/IC617/share/cdssetup/cds.lib,8): cds.lib Permission denied '/projects/tigershare/sdadc_working' (cds.lib command ignored).
DEFINE sdadc_working_lay /projects/tigershare/sdadc_working_lay
|
irun: *W,DLCPTH (/tools/cadence/IC617/share/cdssetup/cds.lib,7): cds.lib Permission denied '/projects/tigershare/sdadc_working_lay' (cds.lib command ignored).
DEFINE sdadc_working /projects/tigershare/sdadc_working
|
irun: *W,DLCPTH (/tools/cadence/IC617/share/cdssetup/cds.lib,8): cds.lib Permission denied '/projects/tigershare/sdadc_working' (cds.lib command ignored).
DEFINE sdadc_working_lay /projects/tigershare/sdadc_working_lay
|
irun: *W,DLCPTH (/tools/cadence/IC617/share/cdssetup/cds.lib,7): cds.lib Permission denied '/projects/tigershare/sdadc_working_lay' (cds.lib command ignored).
DEFINE sdadc_working /projects/tigershare/sdadc_working
|
irun: *W,DLCPTH (/tools/cadence/IC617/share/cdssetup/cds.lib,8): cds.lib Permission denied '/projects/tigershare/sdadc_working' (cds.lib command ignored).
Recompiling... reason: file './tes3.sv' is newer than expected.
	expected: Sun Mar 24 08:36:00 2019
	actual:   Sun Mar 24 08:43:12 2019
DEFINE sdadc_working_lay /projects/tigershare/sdadc_working_lay
|
irun: *W,DLCPTH (/tools/cadence/IC617/share/cdssetup/cds.lib,7): cds.lib Permission denied '/projects/tigershare/sdadc_working_lay' (cds.lib command ignored).
DEFINE sdadc_working /projects/tigershare/sdadc_working
|
irun: *W,DLCPTH (/tools/cadence/IC617/share/cdssetup/cds.lib,8): cds.lib Permission denied '/projects/tigershare/sdadc_working' (cds.lib command ignored).
DEFINE sdadc_working_lay /projects/tigershare/sdadc_working_lay
|
ncvlog: *W,DLCPTH (/tools/cadence/IC617/share/cdssetup/cds.lib,7): cds.lib Permission denied '/projects/tigershare/sdadc_working_lay' (cds.lib command ignored).
DEFINE sdadc_working /projects/tigershare/sdadc_working
|
ncvlog: *W,DLCPTH (/tools/cadence/IC617/share/cdssetup/cds.lib,8): cds.lib Permission denied '/projects/tigershare/sdadc_working' (cds.lib command ignored).
file: tes3.sv
            expected_count<= 3'b000;
                         |
ncvlog: *E,CLSSNS (tes3.sv,160|25): Construct not yet supported on class reference.
                expected_count <= expected_count +1;
                             |
ncvlog: *E,CLSSNS (tes3.sv,164|29): Construct not yet supported on class reference.
                expected_count<= expected_count-1;
                             |
ncvlog: *E,CLSSNS (tes3.sv,167|29): Construct not yet supported on class reference.
	Total errors/warnings found outside modules and primitives:
		errors: 3, warnings: 2
irun: *E,VLGERR: An error occurred during parsing.  Review the log file for errors with the code *E and fix those identified problems to proceed.  Exiting with code (status 1).
TOOL:	irun(64)	15.20-s051: Exiting on Mar 24, 2019 at 08:43:14 IST  (total: 00:00:01)
