============================================================
  Generated by:           Genus(TM) Synthesis Solution 17.22-s017_1
  Generated on:           Feb 13 2019  07:50:49 am
  Module:                 DPA1
  Technology libraries:   fast_vdd1v0 1.0
                          slow_vdd1v0 1.0
                          fast_vdd1v0 1.0
                          slow_vdd1v0 1.0
  Operating conditions:   PVT_1P1V_0C (balanced_tree)
  Wireload mode:          enclosed
  Area mode:              timing library
============================================================

Timing
-------
  Cost    Critical         Violating 
 Group   Path Slack  TNS     Paths   
-------------------------------------
default    No paths   0.0            
-------------------------------------
Total                 0.0          0 

Instance Count
--------------
Leaf Instance Count             500 
Physical Instance count           0 
Sequential Instance Count         0 
Combinational Instance Count    500 
Hierarchical Instance Count       0 

Area
----
Cell Area                          950.760
Physical Cell Area                 0.000
Total Cell Area (Cell+Physical)    950.760
Net Area                           0.000
Total Area (Cell+Physical+Net)     950.760

Runtime                            0.0 seconds
Elapsed Runtime                    48 seconds
Genus peak memory usage            666.49 
Innovus peak memory usage          no_value 
Hostname                           compute-srv2.eda.atme.in
